Measuring turn computation time with grid side length from 128 to 256
Core count: 1.

Round 1

128 86.858983
129 37.38082
130 29.649687
131 23.393139
132 21.486953
133 24.1027
134 23.593189
135 20.66708
136 23.642039
137 21.342302
138 36.963068
139 29.869917
140 33.273428
141 22.813547
142 22.737696
143 22.031624
144 24.281631
145 35.731645
146 24.18231
147 41.03559
148 35.595144
149 25.396424
150 25.129954
151 34.728652
152 26.531458
153 37.406849
154 28.078402
155 44.55958
156 38.217962
157 31.437452
158 33.414557
159 38.108871
160 28.961064
161 43.502157
162 32.315734
163 27.102529
164 45.251742
165 36.735228
166 30.108758
167 43.661788
168 48.14512
169 52.498783
170 39.821566
171 52.465083
172 45.674223
173 39.575036
174 35.765645
175 54.580649
176 51.475101
177 55.738153
178 37.118748
179 52.617614
180 59.716305
181 38.086022
182 36.116555
183 60.093835
184 56.724376
185 55.670723
186 42.837835
187 56.589765
188 46.731786
189 43.160846
190 39.746677
191 65.261961
192 60.081775
193 58.857242
194 45.852334
195 55.799022
196 64.995509
197 52.123962
198 42.960796
199 66.983256
200 64.94318
201 58.46502
202 54.420099
203 61.107358
204 62.200031
205 50.900548
206 49.716596
207 51.59276
208 50.683868
209 46.871397
210 51.50479
211 46.597616
212 53.083425
213 48.10676
214 51.680581
215 54.75566
216 56.839076
217 49.667874
218 55.855843
219 50.139656
220 58.524691
221 54.71457
222 53.584997
223 62.484772
224 58.863572
225 62.064181
226 59.724475
227 64.944339
228 61.817921
229 57.171587
230 59.219523
231 66.003963
232 63.234994
233 65.168989
234 65.608761
235 58.627821
236 68.473109
237 62.646082
238 64.686609
239 71.012967
240 87.872717
241 69.879623
242 68.282569
243 62.300502
244 69.019182
245 73.785465
246 66.552254
247 75.959911
248 73.132103
249 74.182296
250 81.448177
251 70.766956
252 78.060047
253 78.96812
254 77.511036
255 79.04566
256 77.794046


Round 2

128 22.708596
129 18.282553
130 17.02396
131 19.595377
132 19.707788
133 20.394449
134 20.76479
135 20.59814
136 21.209432
137 21.328573
138 18.940656
139 22.340475
140 22.817656
141 21.707104
142 22.283925
143 22.498335
144 26.184947
145 23.077838
146 23.389928
147 38.148341
148 22.518866
149 28.207942
150 26.000396
151 26.439997
152 33.456317
153 25.714765
154 27.6085
155 44.71108
156 25.714735
157 35.038712
158 30.440709
159 39.847666
160 31.698892
161 33.724478
162 32.250833
163 50.262456
164 32.834095
165 30.95077
166 35.440474
167 47.217878
168 32.382184
169 32.378014
170 33.593458
171 54.991431
172 30.498279
173 38.500612
174 35.147372
175 52.398252
176 35.834625
177 35.963215
178 37.626519
179 48.670242
180 38.804483
181 39.925876
182 38.686313
183 60.767327
184 41.870692
185 40.046057
186 40.491518
187 46.604276
188 38.951013
189 40.833048
190 45.297052
191 57.644948
192 40.013707
193 46.845876
194 52.678874
195 57.949588
196 47.175287
197 52.501943
198 54.380698
199 59.918245
200 49.523994
201 51.840211
202 50.534677
203 49.935175
204 48.21757
205 47.815199
206 73.205533
207 44.69988
208 56.527035
209 52.533243
210 46.656146
211 49.162833
212 53.248535
213 55.791132
214 54.322868
215 48.685522
216 55.948613
217 55.166011
218 50.509217
219 54.274158
220 58.851071
221 60.090955
222 58.847971
223 52.693753
224 60.112634
225 59.925655
226 53.868997
227 59.121122
228 61.680849
229 62.553282
230 64.613327
231 57.570007
232 67.099215
233 64.842188
234 57.654458
235 65.315549
236 69.335092
237 66.763504
238 68.68893
239 61.537269
240 72.541911
241 69.719353
242 63.132353
243 64.622367
244 71.713808
245 72.693561
246 72.000079
247 65.454
248 75.78495
249 71.783019
250 66.873914
251 75.52372
252 71.506408
253 77.791276
254 83.944094
255 72.122229
256 79.649671


Round 3

128 20.318399
129 16.170647
130 19.535677
131 19.693787
132 19.793887
133 19.634897
134 18.025163
135 20.63756
136 19.575547
137 19.852257
138 22.156584
139 20.68988
140 22.393415
141 22.835337
142 18.824944
143 23.690749
144 21.096012
145 27.44279
146 33.168646
147 29.566976
148 24.09361
149 25.328594
150 21.557612
151 24.945703
152 34.3146
153 29.369465
154 29.832747
155 37.80648
156 37.74299
157 42.227342
158 37.238918
159 40.286437
160 24.016439
161 33.691368
162 42.591813
163 49.335153
164 42.784214
165 44.76418
166 42.328582
167 42.319903
168 36.512955
169 31.20999
170 54.520858
171 55.05712
172 48.614332
173 47.932739
174 47.863399
175 49.384103
176 34.220619
177 59.472502
178 59.473903
179 56.542754
180 53.315834
181 53.498306
182 51.898631
183 56.620434
184 48.39909
185 38.359942
186 45.809803
187 56.880895
188 57.729648
189 59.367292
190 54.017247
191 58.051549
192 54.130487
193 58.46606
194 48.4846
195 62.01
196 66.190612
197 66.570923
198 58.973731
199 67.339905
200 55.41258
201 50.027585
202 58.140798
203 56.667574
204 71.904549
205 68.462548
206 66.408743
207 51.90226
208 60.267764
209 57.999778
210 51.197918
211 53.279895
212 52.812393
213 68.395988
214 49.117803
215 55.418091
216 48.012569
217 49.534373
218 56.627984
219 57.072095
220 58.59806
221 58.565519
222 52.334842
223 59.555552
224 52.775373
225 53.209545
226 60.849346
227 63.324954
228 63.191413
229 64.020495
230 56.914615
231 63.607154
232 58.249409
233 58.143978
234 74.039415
235 68.704219
236 69.12257
237 69.10133
238 60.964596
239 70.251603
240 68.340198
241 61.770319
242 71.385567
243 72.155709
244 73.000781
245 73.696333
246 65.66791
247 74.867757
248 72.7741
249 66.038971
250 75.348988
251 74.034754
252 77.953546
253 78.107896
254 70.194043
255 79.895741
256 71.403527


Round 4

128 17.772752
129 18.920194
130 19.977148
131 19.883347
132 20.548779
133 18.091302
134 20.75101
135 20.219788
136 20.5479
137 25.364973
138 22.549625
139 23.311038
140 22.346524
141 22.012354
142 23.525838
143 22.429065
144 33.837968
145 25.524154
146 35.972404
147 36.791446
148 35.231972
149 22.283064
150 26.561817
151 25.292453
152 34.883531
153 26.473106
154 41.19379
155 38.09321
156 44.87064
157 38.02289
158 38.886463
159 31.848382
160 41.281799
161 46.230733
162 43.072985
163 46.360504
164 50.313855
165 42.098632
166 44.090857
167 31.663392
168 52.635412
169 39.644864
170 37.630219
171 37.73331
172 56.696935
173 46.202514
174 47.369997
175 38.02759
176 55.35366
177 35.082752
178 37.466318
179 42.262332
180 52.610552
181 52.097081
182 54.916959
183 44.842319
184 54.786308
185 43.424866
186 41.602621
187 46.594685
188 60.309235
189 57.980998
190 57.905348
191 43.992877
192 59.01401
193 52.059481
194 44.98737
195 50.610977
196 62.390731
197 45.284121
198 59.480643
199 55.850621
200 63.618814
201 52.452601
202 50.880107
203 54.860068
204 63.134933
205 49.431253
206 64.801238
207 55.038289
208 45.615652
209 59.723853
210 60.620085
211 52.372762
212 50.319645
213 59.355252
214 48.23249
215 50.012864
216 47.911959
217 50.069454
218 54.244217
219 55.978432
220 56.838575
221 50.261256
222 53.050584
223 52.460662
224 52.533732
225 53.754785
226 62.951382
227 61.603458
228 61.226107
229 55.151049
230 60.011054
231 62.53611
232 57.549486
233 59.243761
234 66.292082
235 66.701213
236 68.603029
237 59.152201
238 68.642288
239 68.007366
240 63.093982
241 70.519193
242 72.573859
243 71.459876
244 74.022693
245 64.124845
246 67.279854
247 70.516734
248 67.246595
249 77.270903
250 72.137889
251 79.42282
252 79.77963
253 68.244918
254 72.350839
255 76.943662
256 71.827118


Averages

128 36.9146825
129 22.688553499999998
130 21.546618000000002
131 20.6414125
132 20.38435175
133 20.555837
134 20.783538
135 20.530642
136 21.2437295
137 21.97202625
138 25.152483249999996
139 24.0528275
140 25.20775575
141 22.3420855
142 21.843100749999998
143 22.662443250000003
144 26.350139499999997
145 27.94410675
146 29.178321999999998
147 36.38558825
148 29.359897999999998
149 25.304005999999998
150 24.81244475
151 27.851701249999998
152 32.2964765
153 29.74104625
154 31.67835975
155 41.292587499999996
156 36.636581750000005
157 36.681599
158 34.99516175
159 37.522839000000005
160 31.489548499999998
161 39.287183999999996
162 37.557841249999996
163 43.2651605
164 42.795976499999995
165 38.6372025
166 37.99216775
167 41.215740249999996
168 42.41891775
169 38.93291275
170 41.39152525
171 50.061735999999996
172 45.37094225
173 43.05272525
174 41.53660325
175 48.597648500000005
176 44.22100125
177 46.5641555
178 42.921372
179 50.0232355
180 51.111793500000005
181 45.90182125
182 45.404614499999994
183 55.58097875000001
184 50.4451165
185 44.375397
186 42.68544425
187 51.66740525
188 50.9304205
189 50.335546
190 49.241581
191 56.23783375
192 53.30999475
193 54.05716475
194 48.0007945
195 56.59239675
196 60.18803475
197 54.120237249999995
198 53.948966999999996
199 62.52300674999999
200 58.374641999999994
201 53.19635425
202 53.49392025
203 55.64254375
204 61.36427075
205 54.152387
206 63.5330275
207 50.80829725
208 53.273579749999996
209 54.282067749999996
210 52.494734750000006
211 50.3532765
212 52.3659995
213 57.912283
214 50.8384355
215 52.21803425
216 52.178054249999995
217 51.109428
218 54.30931525
219 54.36608525
220 58.203099249999994
221 55.908075000000004
222 54.4545985
223 56.79868475000001
224 56.071327749999995
225 57.2385415
226 59.348549999999996
227 62.24846825
228 61.9790725
229 59.72410325
230 60.18962975
231 62.429308500000005
232 61.533276
233 61.849728999999996
234 65.898679
235 64.8372005
236 68.88345
237 64.41577925
238 65.74560575
239 67.70230125
240 72.96220199999999
241 67.972122
242 68.84358699999999
243 67.6346135
244 71.939116
245 71.075051
246 67.87502425
247 71.69960049999999
248 72.234437
249 72.31879724999999
250 73.95224200000001
251 74.9370625
252 76.82490775
253 75.77805249999999
254 76.00000299999999
255 77.001823
256 75.1685905
