Measuring turn computation time with grid side length from 128 to 256
Core count: 8.

Round 1

128 90.647036
129 37.08391
130 30.736311
131 30.464611
132 27.490454
133 27.223734
134 27.598148
135 26.252459
136 19.703712
137 16.754386
138 18.490478
139 20.378347
140 20.345125
141 20.128237
142 20.303883
143 19.778594
144 28.015101
145 29.784645
146 22.661678
147 25.003762
148 22.960838
149 25.369785
150 24.023446
151 23.649054
152 24.753063
153 28.371104
154 25.394127
155 25.181079
156 27.825424
157 27.942848
158 25.721018
159 27.960179
160 38.038192
161 27.153699
162 28.844921
163 27.016845
164 27.311326
165 38.271531
166 32.597515
167 29.309655
168 28.508497
169 31.134762
170 34.060627
171 33.783447
172 29.947748
173 36.735553
174 40.413435
175 32.924016
176 39.185391
177 34.97741
178 35.019921
179 37.786511
180 40.829911
181 40.972926
182 36.807146
183 41.791044
184 35.32771
185 38.986821
186 34.633556
187 43.544625
188 36.70599
189 40.60793
190 41.237213
191 35.533008
192 44.715747
193 40.277338
194 39.21709
195 37.156866
196 40.365881
197 39.884044
198 41.245113
199 41.493071
200 40.213003
201 40.639029
202 42.600579
203 40.889598
204 42.434993
205 42.310959
206 44.273029
207 40.13059
208 40.746412
209 42.412492
210 47.228355
211 47.861478
212 51.5534
213 50.641598
214 54.121091
215 51.487105
216 49.671149
217 47.218622
218 49.783774
219 51.06674
220 49.144721
221 52.334395
222 48.510899
223 55.421925
224 60.472527
225 56.348219
226 61.887738
227 61.107616
228 57.139234
229 57.743596
230 56.21969
231 53.031457
232 53.824505
233 56.276123
234 55.182554
235 62.246746
236 55.725083
237 56.934166
238 56.941276
239 56.239747
240 58.026762
241 59.618459
242 55.591674
243 60.189439
244 55.939567
245 57.842635
246 78.068937
247 75.753625
248 61.367401
249 72.776874
250 73.50309
251 69.223317
252 58.870828
253 64.153467
254 66.388856
255 61.43882
256 76.091162


Round 2

128 17.95958
129 16.975745
130 17.313957
131 17.164512
132 17.581006
133 18.077755
134 19.37784
135 26.091529
136 20.390206
137 19.703281
138 19.559226
139 21.65967
140 22.303293
141 21.92606
142 22.853313
143 20.724198
144 25.709535
145 24.077487
146 23.994654
147 21.637719
148 22.683447
149 24.328596
150 22.104976
151 23.520547
152 22.47868
153 24.008484
154 26.232214
155 25.796077
156 23.407433
157 26.494093
158 26.073258
159 31.49476
160 27.972145
161 25.715874
162 26.618505
163 30.881817
164 27.00852
165 26.910356
166 28.281265
167 27.335341
168 29.074083
169 26.280264
170 27.109062
171 34.029379
172 33.210619
173 35.833002
174 33.878723
175 34.93159
176 32.870158
177 31.064354
178 34.220275
179 33.039244
180 34.384392
181 31.240549
182 33.600213
183 33.761297
184 34.111419
185 34.896507
186 35.510349
187 36.639699
188 31.632811
189 36.518645
190 37.677886
191 38.196655
192 38.021228
193 35.27336
194 39.20218
195 38.450963
196 39.889654
197 40.475504
198 40.782575
199 40.012558
200 42.901369
201 43.097115
202 41.964015
203 42.489043
204 46.33868
205 43.639155
206 47.110807
207 45.340835
208 44.516616
209 42.501614
210 41.24989
211 46.327999
212 46.012549
213 46.741935
214 48.261647
215 50.229474
216 49.318072
217 44.082887
218 50.513254
219 49.53522
220 50.316398
221 50.325618
222 50.132811
223 54.312429
224 60.142785
225 55.522442
226 58.257418
227 51.988314
228 55.231068
229 55.00932
230 60.307757
231 65.245891
232 53.936612
233 55.239589
234 66.670882
235 60.68825
236 59.917013
237 62.269706
238 58.886124
239 62.49094
240 68.939367
241 63.521936
242 61.249097
243 60.409617
244 61.424882
245 66.394027
246 62.518561
247 63.05419
248 63.785841
249 64.469046
250 65.536374
251 65.889555
252 61.088877
253 61.716509
254 67.201292
255 68.471446
256 71.41753


Round 3

128 18.134177
129 18.321714
130 19.522887
131 19.753634
132 19.326788
133 19.691751
134 18.795959
135 20.342244
136 20.568832
137 22.035253
138 19.755253
139 20.23608
140 19.910509
141 20.648574
142 20.770289
143 21.95088
144 23.227405
145 21.410381
146 22.121806
147 22.594173
148 22.371554
149 23.035878
150 22.821591
151 22.755599
152 27.980972
153 24.319964
154 26.167588
155 25.267757
156 28.294542
157 27.255766
158 26.119296
159 27.350939
160 28.474717
161 25.778793
162 26.819479
163 27.821644
164 27.217923
165 27.10503
166 27.499623
167 29.97167
168 28.185177
169 28.974715
170 31.048447
171 32.754817
172 29.623618
173 30.176017
174 31.308667
175 33.541784
176 31.341758
177 31.632858
178 33.177472
179 33.312616
180 32.859361
181 35.174341
182 33.176921
183 34.129383
184 35.043855
185 35.252823
186 39.516732
187 40.62571
188 35.396217
189 38.378282
190 39.983968
191 41.073046
192 40.418883
193 37.366296
194 32.500656
195 36.688682
196 36.922411
197 39.049365
198 41.264422
199 47.671674
200 39.899222
201 38.185753
202 41.813199
203 38.860196
204 38.6791
205 42.98763
206 43.639663
207 46.388398
208 47.319551
209 44.493043
210 65.629531
211 59.03125
212 45.148345
213 48.200171
214 47.854727
215 47.171173
216 45.714723
217 44.77575
218 48.369505
219 51.166493
220 51.613158
221 56.735907
222 51.354349
223 51.352639
224 54.039282
225 51.801415
226 52.766528
227 53.622185
228 56.095101
229 54.554897
230 55.598573
231 56.34305
232 55.411967
233 55.729518
234 61.748048
235 58.887918
236 57.194369
237 74.75282
238 56.359496
239 57.31573
240 58.20101
241 54.799633
242 62.001803
243 64.23262
244 58.073746
245 70.265259
246 66.387045
247 62.621594
248 64.919852
249 62.850938
250 67.706477
251 69.460167
252 65.083055
253 71.706295
254 64.741674
255 70.883216
256 62.744284


Round 4

128 15.224648
129 16.752721
130 17.235377
131 19.407213
132 18.512162
133 17.965921
134 19.428562
135 18.796921
136 20.426417
137 20.553701
138 21.732202
139 22.152536
140 21.629508
141 22.641263
142 24.01205
143 19.849877
144 23.12259
145 22.888902
146 23.789803
147 24.630622
148 25.317486
149 24.659093
150 24.107134
151 25.405139
152 25.530683
153 25.295815
154 24.29824
155 25.012556
156 24.433845
157 26.208056
158 27.838273
159 28.663621
160 28.054289
161 26.091491
162 28.873807
163 31.290911
164 30.1098
165 30.496963
166 30.495583
167 28.974561
168 30.378169
169 30.162241
170 29.124405
171 32.257354
172 33.500087
173 34.593285
174 32.764702
175 33.245178
176 36.712828
177 34.243502
178 35.521947
179 32.402698
180 34.176328
181 33.125122
182 31.740954
183 32.126977
184 31.556578
185 31.127364
186 33.120092
187 35.141082
188 40.562028
189 35.562996
190 39.518802
191 36.26278
192 36.789718
193 38.841719
194 38.841278
195 42.672292
196 40.406993
197 39.552352
198 39.82191
199 40.196013
200 38.870168
201 41.807279
202 44.116518
203 45.690012
204 42.037657
205 42.418689
206 42.812913
207 42.322016
208 45.003739
209 43.828148
210 42.193571
211 44.300454
212 42.585494
213 43.981871
214 48.729454
215 47.872515
216 47.528123
217 48.33329
218 44.333823
219 52.12828
220 49.136998
221 49.711427
222 57.05686
223 49.749199
224 46.935803
225 56.783029
226 51.958962
227 56.606771
228 53.141232
229 54.304502
230 54.689095
231 54.420196
232 55.253565
233 58.490636
234 56.472537
235 62.859065
236 56.486637
237 59.492308
238 60.938146
239 70.829315
240 60.123888
241 59.611761
242 60.664817
243 63.10618
244 64.038912
245 58.143711
246 62.450648
247 71.683492
248 57.855427
249 73.668047
250 65.814369
251 66.252064
252 58.911343
253 75.098466
254 70.827
255 70.467249
256 67.348492


Round 5

128 16.446121
129 18.596625
130 18.817572
131 16.823174
132 18.893875
133 19.486245
134 20.679236
135 21.148312
136 20.694866
137 22.008481
138 21.197053
139 21.895127
140 22.990614
141 22.215168
142 22.248308
143 19.609389
144 20.670405
145 22.744686
146 23.339156
147 21.923098
148 24.742294
149 22.618452
150 21.875256
151 22.980534
152 24.195286
153 26.575097
154 30.264082
155 29.200176
156 24.253366
157 24.07901
158 31.304026
159 25.55386
160 30.334153
161 29.07686
162 28.083726
163 27.182206
164 30.617863
165 28.860713
166 33.549573
167 31.642377
168 31.817604
169 29.792274
170 28.671886
171 29.216454
172 31.946878
173 30.072184
174 30.53629
175 30.944704
176 31.549874
177 31.273984
178 35.765536
179 32.781355
180 32.710332
181 33.430986
182 33.993346
183 34.958488
184 37.742642
185 35.289609
186 37.501635
187 35.708394
188 34.860485
189 38.683745
190 34.379369
191 38.349224
192 37.876868
193 37.475864
194 42.982741
195 38.384543
196 40.292447
197 36.575781
198 45.857396
199 40.306328
200 41.114486
201 41.641373
202 41.434996
203 42.705879
204 47.993248
205 47.115769
206 46.298851
207 43.707243
208 43.898139
209 44.1984
210 45.216173
211 44.813268
212 46.656991
213 45.814782
214 48.444091
215 47.443037
216 47.958064
217 51.166783
218 48.970209
219 45.571154
220 47.024943
221 44.983824
222 50.102878
223 46.093452
224 53.123317
225 53.201169
226 56.508331
227 50.229309
228 53.050594
229 54.151121
230 50.530969
231 52.187015
232 50.517178
233 55.992183
234 56.079576
235 57.06167
236 58.919729
237 59.307362
238 60.761631
239 69.712154
240 63.10079
241 59.522669
242 59.665944
243 60.613916
244 65.811542
245 65.040965
246 62.417624
247 62.885719
248 63.476379
249 62.851578
250 64.537635
251 65.667983
252 67.08192
253 64.369929
254 67.174423
255 70.794455
256 66.429415


Averages

128 31.6823124
129 21.546143000000004
130 20.7252208
131 20.722628800000003
132 20.360857
133 20.489081199999998
134 21.175949
135 22.526293000000003
136 20.356806600000002
137 20.211020400000002
138 20.1468424
139 21.264352
140 21.435809799999998
141 21.5118604
142 22.037568599999997
143 20.3825876
144 24.149007200000003
145 24.181220200000002
146 23.1814194
147 23.1578748
148 23.6151238
149 24.002360799999998
150 22.9864806
151 23.662174600000004
152 24.9877368
153 25.714092800000003
154 26.471250199999997
155 26.091529
156 25.642922
157 26.395954600000003
158 27.411174199999998
159 28.204671799999993
160 30.574699199999998
161 26.763343400000004
162 27.848087599999996
163 28.8386846
164 28.4530864
165 30.3289186
166 30.484711800000003
167 29.4467208
168 29.592706
169 29.2688512
170 30.002885400000004
171 32.408290199999996
172 31.645789999999998
173 33.4820082
174 33.7803634
175 33.1174544
176 34.3320018
177 32.6384216
178 34.7410302
179 33.8644848
180 34.9920648
181 34.788784799999995
182 33.863716
183 35.353437799999995
184 34.7564408
185 35.110624800000004
186 36.056472799999995
187 38.331902
188 35.8315062
189 37.9503196
190 38.5594476
191 37.88294259999999
192 39.5644888
193 37.8469154
194 38.548789000000006
195 38.670669200000006
196 39.57547720000001
197 39.107409200000006
198 41.7942832
199 41.9359288
200 40.599649600000006
201 41.074109799999995
202 42.385861399999996
203 42.126945600000006
204 43.4967356
205 43.694440400000005
206 44.8270526
207 43.5778164
208 44.29689139999999
209 43.4867394
210 48.303504
211 48.466889800000004
212 46.3913558
213 47.076071400000004
214 49.482201999999994
215 48.8406608
216 48.038026200000004
217 47.11546640000001
218 48.394113000000004
219 49.893577400000005
220 49.4472436
221 50.8182342
222 51.431559400000005
223 51.3859288
224 54.9427428
225 54.7312548
226 56.27579540000001
227 54.71083900000001
228 54.931445800000006
229 55.1526872
230 55.469216800000005
231 56.245521800000006
232 53.7887654
233 56.3456098
234 59.2307194
235 60.3487298
236 57.648566200000005
237 62.551272399999995
238 58.7773346
239 63.3175772
240 61.6783634
241 59.4148916
242 59.834667
243 61.71035439999999
244 61.05772979999999
245 63.5373194
246 66.36856300000001
247 67.199724
248 62.28098
249 67.3232966
250 67.419589
251 67.2986172
252 62.2072046
253 67.4089332
254 67.266649
255 68.41103720000001
256 68.80617659999999
