Measuring turn computation time with grid side length from 128 to 256
Core count: 1.

Round 1

128 135.653493
129 92.43566
130 71.470579
131 56.863245
132 52.521342
133 49.517849
134 36.356575
135 35.571344
136 35.822365
137 34.738013
138 37.393866
139 28.081487
140 37.819357
141 41.61021
142 41.71255
143 47.509856
144 35.915725
145 49.506138
146 34.239083
147 42.308041
148 36.789666
149 44.753224
150 22.598712
151 26.240585
152 32.675072
153 20.56846
154 20.46507
155 20.84755
156 24.331814
157 21.195901
158 21.639431
159 22.140371
160 21.765271
161 22.577852
162 22.861952
163 23.182452
164 23.471383
165 23.528523
166 27.131727
167 24.504424
168 24.723204
169 24.897364
170 27.033697
171 25.713735
172 30.49196
173 27.224627
174 39.653598
175 27.078176
176 27.465827
177 31.51533
